<html>
<head>
<title>TestNG:  Foursquare-Connector-Test</title>
<link href="../testng.css" rel="stylesheet" type="text/css" />
<link href="../my-testng.css" rel="stylesheet" type="text/css" />

<style type="text/css">
.log { display: none;} 
.stack-trace { display: none;} 
</style>
<script type="text/javascript">
<!--
function flip(e) {
  current = e.style.display;
  if (current == 'block') {
    e.style.display = 'none';
    return 0;
  }
  else {
    e.style.display = 'block';
    return 1;
  }
}

function toggleBox(szDivId, elem, msg1, msg2)
{
  var res = -1;  if (document.getElementById) {
    res = flip(document.getElementById(szDivId));
  }
  else if (document.all) {
    // this is the way old msie versions work
    res = flip(document.all[szDivId]);
  }
  if(elem) {
    if(res == 0) elem.innerHTML = msg1; else elem.innerHTML = msg2;
  }

}

function toggleAllBoxes() {
  if (document.getElementsByTagName) {
    d = document.getElementsByTagName('div');
    for (i = 0; i < d.length; i++) {
      if (d[i].className == 'log') {
        flip(d[i]);
      }
    }
  }
}

// -->
</script>

</head>
<body>
<h2 align='center'>Foursquare-Connector-Test</h2><table border='1' align="center">
<tr>
<td>Tests passed/Failed/Skipped:</td><td>26/2/0</td>
</tr><tr>
<td>Started on:</td><td>Sun Jul 06 22:04:24 IST 2014</td>
</tr>
<tr><td>Total time:</td><td>104 seconds (104981 ms)</td>
</tr><tr>
<td>Included groups:</td><td></td>
</tr><tr>
<td>Excluded groups:</td><td></td>
</tr>
</table><p/>
<small><i>(Hover the method name to see the test class name)</i></small><p/>
<table width='100%' border='1' class='invocation-failed'>
<tr><td colspan='4' align='center'><b>FAILED TESTS</b></td></tr>
<tr><td><b>Test method</b></td>
<td width="30%"><b>Exception</b></td>
<td width="10%"><b>Time (seconds)</b></td>
<td><b>Instance</b></td>
</tr>
<tr>
<td title='org.wso2.carbon.connector.integration.test.foursquare.FoursquareConnectorIntegrationTest.testapproveFriendsWithMandatoryFields()'><b>testapproveFriendsWithMandatoryFields</b><br>Test class: org.wso2.carbon.connector.integration.test.foursquare.FoursquareConnectorIntegrationTest<br>Test method: foursquare {approveFriends} integration test with mandatory fields.</td>
<td><div><pre>java.lang.AssertionError: expected:&lt;200&gt; but was:&lt;400&gt;
	at org.testng.Assert.fail(Assert.java:89)
	at org.testng.Assert.failNotEquals(Assert.java:489)
	at org.testng.Assert.assertEquals(Assert.java:118)
	at org.testng.Assert.assertEquals(Assert.java:365)
	at org.testng.Assert.assertEquals(Assert.java:375)
	at org.wso2.carbon.connector.integration.test.foursquare.FoursquareConnectorIntegrationTest.testapproveFriendsWithMandatoryFields(FoursquareConnectorIntegrationTest.java:667)
	at sun.reflect.NativeMethodAccessorImpl.invoke0(Native Method)
	at sun.reflect.NativeMethodAccessorImpl.invoke(NativeMethodAccessorImpl.java:57)
	at sun.reflect.DelegatingMethodAccessorImpl.invoke(DelegatingMethodAccessorImpl.java:43)
	at java.lang.reflect.Method.invoke(Method.java:606)
	at org.testng.internal.MethodInvocationHelper.invokeMethod(MethodInvocationHelper.java:80)
	at org.testng.internal.Invoker.invokeMethod(Invoker.java:673)
	at org.testng.internal.Invoker.invokeTestMethod(Invoker.java:842)
	at org.testng.internal.Invoker.invokeTestMethods(Invoker.java:1166)
	at org.testng.internal.TestMethodWorker.invokeTestMethods(TestMethodWorker.java:125)
	at org.testng.internal.TestMethodWorker.run(TestMethodWorker.java:109)
	at org.testng.TestRunner.runWorkers(TestRunner.java:1178)
	at org.testng.TestRunner.privateRun(TestRunner.java:757)
	at org.testng.TestRunner.run(TestRunner.java:608)
	at org.testng.SuiteRunner.runTest(SuiteRunner.java:334)
	at org.testng.SuiteRunner.runSequentially(SuiteRunner.java:329)
	at org.testng.SuiteRunner.privateRun(SuiteRunner.java:291)
	at org.testng.SuiteRunner.run(SuiteRunner.java:240)
	at org.testng.SuiteRunnerWorker.runSuite(SuiteRunnerWorker.java:52)
	at org.testng.SuiteRunnerWorker.run(SuiteRunnerWorker.java:86)
	at org.testng.TestNG.runSuitesSequentially(TestNG.java:1158)
	at org.testng.TestNG.runSuitesLocally(TestNG.java:1083)
	at org.testng.TestNG.run(TestNG.java:999)
	at org.apache.maven.surefire.testng.TestNGExecutor.run(TestNGExecutor.java:178)
	at org.apache.maven.surefire.testng.TestNGXmlTestSuite.execute(TestNGXmlTestSuite.java:92)
	at org.apache.maven.surefire.testng.TestNGProvider.invoke(TestNGProvider.java:96)
	at sun.reflect.NativeMethodAccessorImpl.invoke0(Native Method)
	at sun.reflect.NativeMethodAccessorImpl.invoke(NativeMethodAccessorImpl.java:57)
	at sun.reflect.DelegatingMethodAccessorImpl.invoke(DelegatingMethodAccessorImpl.java:43)
	at java.lang.reflect.Method.invoke(Method.java:606)
	at org.apache.maven.surefire.util.ReflectionUtils.invokeMethodWithArray(ReflectionUtils.java:189)
	at org.apache.maven.surefire.booter.ProviderFactory$ProviderProxy.invoke(ProviderFactory.java:165)
	at org.apache.maven.surefire.booter.ProviderFactory.invokeProvider(ProviderFactory.java:85)
	at org.apache.maven.surefire.booter.ForkedBooter.runSuitesInProcess(ForkedBooter.java:115)
	at org.apache.maven.surefire.booter.ForkedBooter.main(ForkedBooter.java:75)
</pre></div><a href='#' onClick='toggleBox("stack-trace616656040", this, "Click to show all stack frames", "Click to hide stack frames")'>Click to show all stack frames</a>
<div class='stack-trace' id='stack-trace616656040'><pre>java.lang.AssertionError: expected:&lt;200&gt; but was:&lt;400&gt;
	at org.testng.Assert.fail(Assert.java:89)
	at org.testng.Assert.failNotEquals(Assert.java:489)
	at org.testng.Assert.assertEquals(Assert.java:118)
	at org.testng.Assert.assertEquals(Assert.java:365)
	at org.testng.Assert.assertEquals(Assert.java:375)
	at org.wso2.carbon.connector.integration.test.foursquare.FoursquareConnectorIntegrationTest.testapproveFriendsWithMandatoryFields(FoursquareConnectorIntegrationTest.java:667)
	at sun.reflect.NativeMethodAccessorImpl.invoke0(Native Method)
	at sun.reflect.NativeMethodAccessorImpl.invoke(NativeMethodAccessorImpl.java:57)
	at sun.reflect.DelegatingMethodAccessorImpl.invoke(DelegatingMethodAccessorImpl.java:43)
	at java.lang.reflect.Method.invoke(Method.java:606)
	at org.testng.internal.MethodInvocationHelper.invokeMethod(MethodInvocationHelper.java:80)
	at org.testng.internal.Invoker.invokeMethod(Invoker.java:673)
	at org.testng.internal.Invoker.invokeTestMethod(Invoker.java:842)
	at org.testng.internal.Invoker.invokeTestMethods(Invoker.java:1166)
	at org.testng.internal.TestMethodWorker.invokeTestMethods(TestMethodWorker.java:125)
	at org.testng.internal.TestMethodWorker.run(TestMethodWorker.java:109)
	at org.testng.TestRunner.runWorkers(TestRunner.java:1178)
	at org.testng.TestRunner.privateRun(TestRunner.java:757)
	at org.testng.TestRunner.run(TestRunner.java:608)
	at org.testng.SuiteRunner.runTest(SuiteRunner.java:334)
	at org.testng.SuiteRunner.runSequentially(SuiteRunner.java:329)
	at org.testng.SuiteRunner.privateRun(SuiteRunner.java:291)
	at org.testng.SuiteRunner.run(SuiteRunner.java:240)
	at org.testng.SuiteRunnerWorker.runSuite(SuiteRunnerWorker.java:52)
	at org.testng.SuiteRunnerWorker.run(SuiteRunnerWorker.java:86)
	at org.testng.TestNG.runSuitesSequentially(TestNG.java:1158)
	at org.testng.TestNG.runSuitesLocally(TestNG.java:1083)
	at org.testng.TestNG.run(TestNG.java:999)
	at org.apache.maven.surefire.testng.TestNGExecutor.run(TestNGExecutor.java:178)
	at org.apache.maven.surefire.testng.TestNGXmlTestSuite.execute(TestNGXmlTestSuite.java:92)
	at org.apache.maven.surefire.testng.TestNGProvider.invoke(TestNGProvider.java:96)
	at sun.reflect.NativeMethodAccessorImpl.invoke0(Native Method)
	at sun.reflect.NativeMethodAccessorImpl.invoke(NativeMethodAccessorImpl.java:57)
	at sun.reflect.DelegatingMethodAccessorImpl.invoke(DelegatingMethodAccessorImpl.java:43)
	at java.lang.reflect.Method.invoke(Method.java:606)
	at org.apache.maven.surefire.util.ReflectionUtils.invokeMethodWithArray(ReflectionUtils.java:189)
	at org.apache.maven.surefire.booter.ProviderFactory$ProviderProxy.invoke(ProviderFactory.java:165)
	at org.apache.maven.surefire.booter.ProviderFactory.invokeProvider(ProviderFactory.java:85)
	at org.apache.maven.surefire.booter.ForkedBooter.runSuitesInProcess(ForkedBooter.java:115)
	at org.apache.maven.surefire.booter.ForkedBooter.main(ForkedBooter.java:75)
</pre></div></td>
<td>0</td>
<td>org.wso2.carbon.connector.integration.test.foursquare.FoursquareConnectorIntegrationTest@48a5598d</td></tr>
<tr>
<td title='org.wso2.carbon.connector.integration.test.foursquare.FoursquareConnectorIntegrationTest.testgetTipsDetailsWithNegativeCase()'><b>testgetTipsDetailsWithNegativeCase</b><br>Test class: org.wso2.carbon.connector.integration.test.foursquare.FoursquareConnectorIntegrationTest<br>Test method: foursquare {getTipsDetails} integration test with Negative case</td>
<td><div><pre>java.lang.AssertionError: expected:&lt;400&gt; but was:&lt;200&gt;
	at org.testng.Assert.fail(Assert.java:89)
	at org.testng.Assert.failNotEquals(Assert.java:489)
	at org.testng.Assert.assertEquals(Assert.java:118)
	at org.testng.Assert.assertEquals(Assert.java:365)
	at org.testng.Assert.assertEquals(Assert.java:375)
	at org.wso2.carbon.connector.integration.test.foursquare.FoursquareConnectorIntegrationTest.testgetTipsDetailsWithNegativeCase(FoursquareConnectorIntegrationTest.java:640)
	at sun.reflect.NativeMethodAccessorImpl.invoke0(Native Method)
	at sun.reflect.NativeMethodAccessorImpl.invoke(NativeMethodAccessorImpl.java:57)
	at sun.reflect.DelegatingMethodAccessorImpl.invoke(DelegatingMethodAccessorImpl.java:43)
	at java.lang.reflect.Method.invoke(Method.java:606)
	at org.testng.internal.MethodInvocationHelper.invokeMethod(MethodInvocationHelper.java:80)
	at org.testng.internal.Invoker.invokeMethod(Invoker.java:673)
	at org.testng.internal.Invoker.invokeTestMethod(Invoker.java:842)
	at org.testng.internal.Invoker.invokeTestMethods(Invoker.java:1166)
	at org.testng.internal.TestMethodWorker.invokeTestMethods(TestMethodWorker.java:125)
	at org.testng.internal.TestMethodWorker.run(TestMethodWorker.java:109)
	at org.testng.TestRunner.runWorkers(TestRunner.java:1178)
	at org.testng.TestRunner.privateRun(TestRunner.java:757)
	at org.testng.TestRunner.run(TestRunner.java:608)
	at org.testng.SuiteRunner.runTest(SuiteRunner.java:334)
	at org.testng.SuiteRunner.runSequentially(SuiteRunner.java:329)
	at org.testng.SuiteRunner.privateRun(SuiteRunner.java:291)
	at org.testng.SuiteRunner.run(SuiteRunner.java:240)
	at org.testng.SuiteRunnerWorker.runSuite(SuiteRunnerWorker.java:52)
	at org.testng.SuiteRunnerWorker.run(SuiteRunnerWorker.java:86)
	at org.testng.TestNG.runSuitesSequentially(TestNG.java:1158)
	at org.testng.TestNG.runSuitesLocally(TestNG.java:1083)
	at org.testng.TestNG.run(TestNG.java:999)
	at org.apache.maven.surefire.testng.TestNGExecutor.run(TestNGExecutor.java:178)
	at org.apache.maven.surefire.testng.TestNGXmlTestSuite.execute(TestNGXmlTestSuite.java:92)
	at org.apache.maven.surefire.testng.TestNGProvider.invoke(TestNGProvider.java:96)
	at sun.reflect.NativeMethodAccessorImpl.invoke0(Native Method)
	at sun.reflect.NativeMethodAccessorImpl.invoke(NativeMethodAccessorImpl.java:57)
	at sun.reflect.DelegatingMethodAccessorImpl.invoke(DelegatingMethodAccessorImpl.java:43)
	at java.lang.reflect.Method.invoke(Method.java:606)
	at org.apache.maven.surefire.util.ReflectionUtils.invokeMethodWithArray(ReflectionUtils.java:189)
	at org.apache.maven.surefire.booter.ProviderFactory$ProviderProxy.invoke(ProviderFactory.java:165)
	at org.apache.maven.surefire.booter.ProviderFactory.invokeProvider(ProviderFactory.java:85)
	at org.apache.maven.surefire.booter.ForkedBooter.runSuitesInProcess(ForkedBooter.java:115)
	at org.apache.maven.surefire.booter.ForkedBooter.main(ForkedBooter.java:75)
</pre></div><a href='#' onClick='toggleBox("stack-trace22577243", this, "Click to show all stack frames", "Click to hide stack frames")'>Click to show all stack frames</a>
<div class='stack-trace' id='stack-trace22577243'><pre>java.lang.AssertionError: expected:&lt;400&gt; but was:&lt;200&gt;
	at org.testng.Assert.fail(Assert.java:89)
	at org.testng.Assert.failNotEquals(Assert.java:489)
	at org.testng.Assert.assertEquals(Assert.java:118)
	at org.testng.Assert.assertEquals(Assert.java:365)
	at org.testng.Assert.assertEquals(Assert.java:375)
	at org.wso2.carbon.connector.integration.test.foursquare.FoursquareConnectorIntegrationTest.testgetTipsDetailsWithNegativeCase(FoursquareConnectorIntegrationTest.java:640)
	at sun.reflect.NativeMethodAccessorImpl.invoke0(Native Method)
	at sun.reflect.NativeMethodAccessorImpl.invoke(NativeMethodAccessorImpl.java:57)
	at sun.reflect.DelegatingMethodAccessorImpl.invoke(DelegatingMethodAccessorImpl.java:43)
	at java.lang.reflect.Method.invoke(Method.java:606)
	at org.testng.internal.MethodInvocationHelper.invokeMethod(MethodInvocationHelper.java:80)
	at org.testng.internal.Invoker.invokeMethod(Invoker.java:673)
	at org.testng.internal.Invoker.invokeTestMethod(Invoker.java:842)
	at org.testng.internal.Invoker.invokeTestMethods(Invoker.java:1166)
	at org.testng.internal.TestMethodWorker.invokeTestMethods(TestMethodWorker.java:125)
	at org.testng.internal.TestMethodWorker.run(TestMethodWorker.java:109)
	at org.testng.TestRunner.runWorkers(TestRunner.java:1178)
	at org.testng.TestRunner.privateRun(TestRunner.java:757)
	at org.testng.TestRunner.run(TestRunner.java:608)
	at org.testng.SuiteRunner.runTest(SuiteRunner.java:334)
	at org.testng.SuiteRunner.runSequentially(SuiteRunner.java:329)
	at org.testng.SuiteRunner.privateRun(SuiteRunner.java:291)
	at org.testng.SuiteRunner.run(SuiteRunner.java:240)
	at org.testng.SuiteRunnerWorker.runSuite(SuiteRunnerWorker.java:52)
	at org.testng.SuiteRunnerWorker.run(SuiteRunnerWorker.java:86)
	at org.testng.TestNG.runSuitesSequentially(TestNG.java:1158)
	at org.testng.TestNG.runSuitesLocally(TestNG.java:1083)
	at org.testng.TestNG.run(TestNG.java:999)
	at org.apache.maven.surefire.testng.TestNGExecutor.run(TestNGExecutor.java:178)
	at org.apache.maven.surefire.testng.TestNGXmlTestSuite.execute(TestNGXmlTestSuite.java:92)
	at org.apache.maven.surefire.testng.TestNGProvider.invoke(TestNGProvider.java:96)
	at sun.reflect.NativeMethodAccessorImpl.invoke0(Native Method)
	at sun.reflect.NativeMethodAccessorImpl.invoke(NativeMethodAccessorImpl.java:57)
	at sun.reflect.DelegatingMethodAccessorImpl.invoke(DelegatingMethodAccessorImpl.java:43)
	at java.lang.reflect.Method.invoke(Method.java:606)
	at org.apache.maven.surefire.util.ReflectionUtils.invokeMethodWithArray(ReflectionUtils.java:189)
	at org.apache.maven.surefire.booter.ProviderFactory$ProviderProxy.invoke(ProviderFactory.java:165)
	at org.apache.maven.surefire.booter.ProviderFactory.invokeProvider(ProviderFactory.java:85)
	at org.apache.maven.surefire.booter.ForkedBooter.runSuitesInProcess(ForkedBooter.java:115)
	at org.apache.maven.surefire.booter.ForkedBooter.main(ForkedBooter.java:75)
</pre></div></td>
<td>2</td>
<td>org.wso2.carbon.connector.integration.test.foursquare.FoursquareConnectorIntegrationTest@48a5598d</td></tr>
</table><p>
<table width='100%' border='1' class='invocation-passed'>
<tr><td colspan='4' align='center'><b>PASSED TESTS</b></td></tr>
<tr><td><b>Test method</b></td>
<td width="30%"><b>Exception</b></td>
<td width="10%"><b>Time (seconds)</b></td>
<td><b>Instance</b></td>
</tr>
<tr>
<td title='org.wso2.carbon.connector.integration.test.foursquare.FoursquareConnectorIntegrationTest.testaddCheckinCommentMandatoryParameters()'><b>testaddCheckinCommentMandatoryParameters</b><br>Test class: org.wso2.carbon.connector.integration.test.foursquare.FoursquareConnectorIntegrationTest<br>Test method: foursquare {addCheckinComment} integration test with mandatory parameters.</td>
<td></td>
<td>1</td>
<td>org.wso2.carbon.connector.integration.test.foursquare.FoursquareConnectorIntegrationTest@48a5598d</td></tr>
<tr>
<td title='org.wso2.carbon.connector.integration.test.foursquare.FoursquareConnectorIntegrationTest.testaddCheckinCommentNegativeParameters()'><b>testaddCheckinCommentNegativeParameters</b><br>Test class: org.wso2.carbon.connector.integration.test.foursquare.FoursquareConnectorIntegrationTest<br>Test method: foursquare {addCheckinComment} integration test with negative parameters.</td>
<td></td>
<td>1</td>
<td>org.wso2.carbon.connector.integration.test.foursquare.FoursquareConnectorIntegrationTest@48a5598d</td></tr>
<tr>
<td title='org.wso2.carbon.connector.integration.test.foursquare.FoursquareConnectorIntegrationTest.testaddCheckinsWithMandatoryParameters()'><b>testaddCheckinsWithMandatoryParameters</b><br>Test class: org.wso2.carbon.connector.integration.test.foursquare.FoursquareConnectorIntegrationTest<br>Test method: foursquare {addCheckin} integration test with mandatory parameters.</td>
<td></td>
<td>3</td>
<td>org.wso2.carbon.connector.integration.test.foursquare.FoursquareConnectorIntegrationTest@48a5598d</td></tr>
<tr>
<td title='org.wso2.carbon.connector.integration.test.foursquare.FoursquareConnectorIntegrationTest.testaddCheckinsWithNegativeParameters()'><b>testaddCheckinsWithNegativeParameters</b><br>Test class: org.wso2.carbon.connector.integration.test.foursquare.FoursquareConnectorIntegrationTest<br>Test method: foursquare {addCheckin} integration test with mandatory parameters.</td>
<td></td>
<td>2</td>
<td>org.wso2.carbon.connector.integration.test.foursquare.FoursquareConnectorIntegrationTest@48a5598d</td></tr>
<tr>
<td title='org.wso2.carbon.connector.integration.test.foursquare.FoursquareConnectorIntegrationTest.testapproveFriendsWithNegativeCase()'><b>testapproveFriendsWithNegativeCase</b><br>Test class: org.wso2.carbon.connector.integration.test.foursquare.FoursquareConnectorIntegrationTest<br>Test method: foursquare {approveFriends} integration test with mandatory fields.</td>
<td></td>
<td>1</td>
<td>org.wso2.carbon.connector.integration.test.foursquare.FoursquareConnectorIntegrationTest@48a5598d</td></tr>
<tr>
<td title='org.wso2.carbon.connector.integration.test.foursquare.FoursquareConnectorIntegrationTest.testdeleteCheckinCommentMandatoryParameters()'><b>testdeleteCheckinCommentMandatoryParameters</b><br>Test class: org.wso2.carbon.connector.integration.test.foursquare.FoursquareConnectorIntegrationTest<br>Test method: foursquare {deleteCheckinComment} integration test with mandatory parameters.</td>
<td></td>
<td>2</td>
<td>org.wso2.carbon.connector.integration.test.foursquare.FoursquareConnectorIntegrationTest@48a5598d</td></tr>
<tr>
<td title='org.wso2.carbon.connector.integration.test.foursquare.FoursquareConnectorIntegrationTest.testdeleteCheckinCommentNegativeParameters()'><b>testdeleteCheckinCommentNegativeParameters</b><br>Test class: org.wso2.carbon.connector.integration.test.foursquare.FoursquareConnectorIntegrationTest<br>Test method: foursquare {deleteCheckinComment} integration test with negative parameters.</td>
<td></td>
<td>2</td>
<td>org.wso2.carbon.connector.integration.test.foursquare.FoursquareConnectorIntegrationTest@48a5598d</td></tr>
<tr>
<td title='org.wso2.carbon.connector.integration.test.foursquare.FoursquareConnectorIntegrationTest.testgetBadgeDetailsWithMandatoryFields()'><b>testgetBadgeDetailsWithMandatoryFields</b><br>Test class: org.wso2.carbon.connector.integration.test.foursquare.FoursquareConnectorIntegrationTest<br>Test method: foursquare {getBadgeDetails} integration test with mandatory fields.</td>
<td></td>
<td>3</td>
<td>org.wso2.carbon.connector.integration.test.foursquare.FoursquareConnectorIntegrationTest@48a5598d</td></tr>
<tr>
<td title='org.wso2.carbon.connector.integration.test.foursquare.FoursquareConnectorIntegrationTest.testgetBadgeDetailsWithNegativeCase()'><b>testgetBadgeDetailsWithNegativeCase</b><br>Test class: org.wso2.carbon.connector.integration.test.foursquare.FoursquareConnectorIntegrationTest<br>Test method: foursquare {getBadgeDetails} integration test with negative case.</td>
<td></td>
<td>1</td>
<td>org.wso2.carbon.connector.integration.test.foursquare.FoursquareConnectorIntegrationTest@48a5598d</td></tr>
<tr>
<td title='org.wso2.carbon.connector.integration.test.foursquare.FoursquareConnectorIntegrationTest.testgetCheckinDetailsNegativeCase()'><b>testgetCheckinDetailsNegativeCase</b><br>Test class: org.wso2.carbon.connector.integration.test.foursquare.FoursquareConnectorIntegrationTest<br>Test method: foursquare {getCheckinDetails} integration test with negative fields.</td>
<td></td>
<td>1</td>
<td>org.wso2.carbon.connector.integration.test.foursquare.FoursquareConnectorIntegrationTest@48a5598d</td></tr>
<tr>
<td title='org.wso2.carbon.connector.integration.test.foursquare.FoursquareConnectorIntegrationTest.testgetCheckinDetailsWithMandatoryFields()'><b>testgetCheckinDetailsWithMandatoryFields</b><br>Test class: org.wso2.carbon.connector.integration.test.foursquare.FoursquareConnectorIntegrationTest<br>Test method: foursquare {getCheckinDetails} integration test with mandatory fields.</td>
<td></td>
<td>2</td>
<td>org.wso2.carbon.connector.integration.test.foursquare.FoursquareConnectorIntegrationTest@48a5598d</td></tr>
<tr>
<td title='org.wso2.carbon.connector.integration.test.foursquare.FoursquareConnectorIntegrationTest.testgetCheckinDetailsWithOptionalFields()'><b>testgetCheckinDetailsWithOptionalFields</b><br>Test class: org.wso2.carbon.connector.integration.test.foursquare.FoursquareConnectorIntegrationTest<br>Test method: foursquare {getCheckinDetails} integration test with optional fields.</td>
<td></td>
<td>1</td>
<td>org.wso2.carbon.connector.integration.test.foursquare.FoursquareConnectorIntegrationTest@48a5598d</td></tr>
<tr>
<td title='org.wso2.carbon.connector.integration.test.foursquare.FoursquareConnectorIntegrationTest.testgetCheckinRecentMandatoryParameters()'><b>testgetCheckinRecentMandatoryParameters</b><br>Test class: org.wso2.carbon.connector.integration.test.foursquare.FoursquareConnectorIntegrationTest<br>Test method: foursquare {getCheckinRecent} integration test with mandatory parameters.</td>
<td></td>
<td>1</td>
<td>org.wso2.carbon.connector.integration.test.foursquare.FoursquareConnectorIntegrationTest@48a5598d</td></tr>
<tr>
<td title='org.wso2.carbon.connector.integration.test.foursquare.FoursquareConnectorIntegrationTest.testgetCheckinRecentNegativeParameters()'><b>testgetCheckinRecentNegativeParameters</b><br>Test class: org.wso2.carbon.connector.integration.test.foursquare.FoursquareConnectorIntegrationTest<br>Test method: foursquare {getCheckinRecent} integration test with mandatory parameters.</td>
<td></td>
<td>1</td>
<td>org.wso2.carbon.connector.integration.test.foursquare.FoursquareConnectorIntegrationTest@48a5598d</td></tr>
<tr>
<td title='org.wso2.carbon.connector.integration.test.foursquare.FoursquareConnectorIntegrationTest.testgetCheckinRecentOptionalParameters()'><b>testgetCheckinRecentOptionalParameters</b><br>Test class: org.wso2.carbon.connector.integration.test.foursquare.FoursquareConnectorIntegrationTest<br>Test method: foursquare {getCheckinRecent} integration test with optional parameters.</td>
<td></td>
<td>3</td>
<td>org.wso2.carbon.connector.integration.test.foursquare.FoursquareConnectorIntegrationTest@48a5598d</td></tr>
<tr>
<td title='org.wso2.carbon.connector.integration.test.foursquare.FoursquareConnectorIntegrationTest.testgetFriendDetailsWithMandatoryFields()'><b>testgetFriendDetailsWithMandatoryFields</b><br>Test class: org.wso2.carbon.connector.integration.test.foursquare.FoursquareConnectorIntegrationTest<br>Test method: foursquare {getFriendDetails} integration test with mandatory fields.</td>
<td></td>
<td>1</td>
<td>org.wso2.carbon.connector.integration.test.foursquare.FoursquareConnectorIntegrationTest@48a5598d</td></tr>
<tr>
<td title='org.wso2.carbon.connector.integration.test.foursquare.FoursquareConnectorIntegrationTest.testgetFriendDetailsWithNegativeCase()'><b>testgetFriendDetailsWithNegativeCase</b><br>Test class: org.wso2.carbon.connector.integration.test.foursquare.FoursquareConnectorIntegrationTest<br>Test method: foursquare {getFriendDetails} integration test with negative case.</td>
<td></td>
<td>1</td>
<td>org.wso2.carbon.connector.integration.test.foursquare.FoursquareConnectorIntegrationTest@48a5598d</td></tr>
<tr>
<td title='org.wso2.carbon.connector.integration.test.foursquare.FoursquareConnectorIntegrationTest.testgetFriendDetailsWithOptionalFields()'><b>testgetFriendDetailsWithOptionalFields</b><br>Test class: org.wso2.carbon.connector.integration.test.foursquare.FoursquareConnectorIntegrationTest<br>Test method: foursquare {getFriendDetails} integration test with optional fields.</td>
<td></td>
<td>1</td>
<td>org.wso2.carbon.connector.integration.test.foursquare.FoursquareConnectorIntegrationTest@48a5598d</td></tr>
<tr>
<td title='org.wso2.carbon.connector.integration.test.foursquare.FoursquareConnectorIntegrationTest.testgetMayorshipDetailsWithMandatoryFields()'><b>testgetMayorshipDetailsWithMandatoryFields</b><br>Test class: org.wso2.carbon.connector.integration.test.foursquare.FoursquareConnectorIntegrationTest<br>Test method: foursquare {getMayorshipDetails} integration test with mandatory fields.</td>
<td></td>
<td>1</td>
<td>org.wso2.carbon.connector.integration.test.foursquare.FoursquareConnectorIntegrationTest@48a5598d</td></tr>
<tr>
<td title='org.wso2.carbon.connector.integration.test.foursquare.FoursquareConnectorIntegrationTest.testgetMayorshipDetailsWithNegativeCase()'><b>testgetMayorshipDetailsWithNegativeCase</b><br>Test class: org.wso2.carbon.connector.integration.test.foursquare.FoursquareConnectorIntegrationTest<br>Test method: foursquare {getMayorshipDetails} integration test with negative fields.</td>
<td></td>
<td>1</td>
<td>org.wso2.carbon.connector.integration.test.foursquare.FoursquareConnectorIntegrationTest@48a5598d</td></tr>
<tr>
<td title='org.wso2.carbon.connector.integration.test.foursquare.FoursquareConnectorIntegrationTest.testgetTipsDetailsWithMandatoryFields()'><b>testgetTipsDetailsWithMandatoryFields</b><br>Test class: org.wso2.carbon.connector.integration.test.foursquare.FoursquareConnectorIntegrationTest<br>Test method: foursquare {getTipsDetails} integration test with mandatory fields.</td>
<td></td>
<td>1</td>
<td>org.wso2.carbon.connector.integration.test.foursquare.FoursquareConnectorIntegrationTest@48a5598d</td></tr>
<tr>
<td title='org.wso2.carbon.connector.integration.test.foursquare.FoursquareConnectorIntegrationTest.testgetTipsDetailsWithOptionlaFields()'><b>testgetTipsDetailsWithOptionlaFields</b><br>Test class: org.wso2.carbon.connector.integration.test.foursquare.FoursquareConnectorIntegrationTest<br>Test method: foursquare {getTipsDetails} integration test with optional fields.</td>
<td></td>
<td>2</td>
<td>org.wso2.carbon.connector.integration.test.foursquare.FoursquareConnectorIntegrationTest@48a5598d</td></tr>
<tr>
<td title='org.wso2.carbon.connector.integration.test.foursquare.FoursquareConnectorIntegrationTest.testgetUserDetailsWithMandatoryFields()'><b>testgetUserDetailsWithMandatoryFields</b><br>Test class: org.wso2.carbon.connector.integration.test.foursquare.FoursquareConnectorIntegrationTest<br>Test method: foursquare {getUserDetails} integration test with mandatory fields.</td>
<td></td>
<td>1</td>
<td>org.wso2.carbon.connector.integration.test.foursquare.FoursquareConnectorIntegrationTest@48a5598d</td></tr>
<tr>
<td title='org.wso2.carbon.connector.integration.test.foursquare.FoursquareConnectorIntegrationTest.testgetUserDetailsWithNegativeCase()'><b>testgetUserDetailsWithNegativeCase</b><br>Test class: org.wso2.carbon.connector.integration.test.foursquare.FoursquareConnectorIntegrationTest<br>Test method: foursquare {getUserDetails} integration test with negative case.</td>
<td></td>
<td>1</td>
<td>org.wso2.carbon.connector.integration.test.foursquare.FoursquareConnectorIntegrationTest@48a5598d</td></tr>
<tr>
<td title='org.wso2.carbon.connector.integration.test.foursquare.FoursquareConnectorIntegrationTest.testunFriendsWithMandatoryFields()'><b>testunFriendsWithMandatoryFields</b><br>Test class: org.wso2.carbon.connector.integration.test.foursquare.FoursquareConnectorIntegrationTest<br>Test method: foursquare {unFriends} integration test with mandatory fields.</td>
<td></td>
<td>0</td>
<td>org.wso2.carbon.connector.integration.test.foursquare.FoursquareConnectorIntegrationTest@48a5598d</td></tr>
<tr>
<td title='org.wso2.carbon.connector.integration.test.foursquare.FoursquareConnectorIntegrationTest.testunFriendsWithNegativeFields()'><b>testunFriendsWithNegativeFields</b><br>Test class: org.wso2.carbon.connector.integration.test.foursquare.FoursquareConnectorIntegrationTest<br>Test method: foursquare {unFriends} integration test with mandatory fields.</td>
<td></td>
<td>1</td>
<td>org.wso2.carbon.connector.integration.test.foursquare.FoursquareConnectorIntegrationTest@48a5598d</td></tr>
</table><p>
</body>
</html>