<?xml version="1.0" encoding="UTF-8"?>
<testsuite hostname="ian-TECRA-M11" name="org.wso2.carbon.connector.integration.test.foursquare.FoursquareConnectorIntegrationTest" tests="28" failures="2" timestamp="6 Jul 2014 16:36:09 GMT" time="104.981" errors="0">
  <testcase name="testaddCheckinsWithMandatoryParameters" time="3.973" classname="org.wso2.carbon.connector.integration.test.foursquare.FoursquareConnectorIntegrationTest"/>
  <testcase name="testapproveFriendsWithMandatoryFields" time="0.645" classname="org.wso2.carbon.connector.integration.test.foursquare.FoursquareConnectorIntegrationTest">
    <failure type="java.lang.AssertionError" message="expected:&amp;lt;200&amp;gt; but was:&amp;lt;400&amp;gt;">
      <![CDATA[java.lang.AssertionError: expected:<200> but was:<400>
	at org.testng.Assert.fail(Assert.java:89)
	at org.testng.Assert.failNotEquals(Assert.java:489)
	at org.testng.Assert.assertEquals(Assert.java:118)
	at org.testng.Assert.assertEquals(Assert.java:365)
	at org.testng.Assert.assertEquals(Assert.java:375)
	at org.wso2.carbon.connector.integration.test.foursquare.FoursquareConnectorIntegrationTest.testapproveFriendsWithMandatoryFields(FoursquareConnectorIntegrationTest.java:667)
	at sun.reflect.NativeMethodAccessorImpl.invoke0(Native Method)
	at sun.reflect.NativeMethodAccessorImpl.invoke(NativeMethodAccessorImpl.java:57)
	at sun.reflect.DelegatingMethodAccessorImpl.invoke(DelegatingMethodAccessorImpl.java:43)
	at java.lang.reflect.Method.invoke(Method.java:606)
	at org.testng.internal.MethodInvocationHelper.invokeMethod(MethodInvocationHelper.java:80)
	at org.testng.internal.Invoker.invokeMethod(Invoker.java:673)
	at org.testng.internal.Invoker.invokeTestMethod(Invoker.java:842)
	at org.testng.internal.Invoker.invokeTestMethods(Invoker.java:1166)
	at org.testng.internal.TestMethodWorker.invokeTestMethods(TestMethodWorker.java:125)
	at org.testng.internal.TestMethodWorker.run(TestMethodWorker.java:109)
	at org.testng.TestRunner.runWorkers(TestRunner.java:1178)
	at org.testng.TestRunner.privateRun(TestRunner.java:757)
	at org.testng.TestRunner.run(TestRunner.java:608)
	at org.testng.SuiteRunner.runTest(SuiteRunner.java:334)
	at org.testng.SuiteRunner.runSequentially(SuiteRunner.java:329)
	at org.testng.SuiteRunner.privateRun(SuiteRunner.java:291)
	at org.testng.SuiteRunner.run(SuiteRunner.java:240)
	at org.testng.SuiteRunnerWorker.runSuite(SuiteRunnerWorker.java:52)
	at org.testng.SuiteRunnerWorker.run(SuiteRunnerWorker.java:86)
	at org.testng.TestNG.runSuitesSequentially(TestNG.java:1158)
	at org.testng.TestNG.runSuitesLocally(TestNG.java:1083)
	at org.testng.TestNG.run(TestNG.java:999)
	at org.apache.maven.surefire.testng.TestNGExecutor.run(TestNGExecutor.java:178)
	at org.apache.maven.surefire.testng.TestNGXmlTestSuite.execute(TestNGXmlTestSuite.java:92)
	at org.apache.maven.surefire.testng.TestNGProvider.invoke(TestNGProvider.java:96)
	at sun.reflect.NativeMethodAccessorImpl.invoke0(Native Method)
	at sun.reflect.NativeMethodAccessorImpl.invoke(NativeMethodAccessorImpl.java:57)
	at sun.reflect.DelegatingMethodAccessorImpl.invoke(DelegatingMethodAccessorImpl.java:43)
	at java.lang.reflect.Method.invoke(Method.java:606)
	at org.apache.maven.surefire.util.ReflectionUtils.invokeMethodWithArray(ReflectionUtils.java:189)
	at org.apache.maven.surefire.booter.ProviderFactory$ProviderProxy.invoke(ProviderFactory.java:165)
	at org.apache.maven.surefire.booter.ProviderFactory.invokeProvider(ProviderFactory.java:85)
	at org.apache.maven.surefire.booter.ForkedBooter.runSuitesInProcess(ForkedBooter.java:115)
	at org.apache.maven.surefire.booter.ForkedBooter.main(ForkedBooter.java:75)
]]>
    </failure>
  </testcase>
  <testcase name="testapproveFriendsWithNegativeCase" time="1.454" classname="org.wso2.carbon.connector.integration.test.foursquare.FoursquareConnectorIntegrationTest"/>
  <testcase name="testgetCheckinDetailsNegativeCase" time="1.258" classname="org.wso2.carbon.connector.integration.test.foursquare.FoursquareConnectorIntegrationTest"/>
  <testcase name="testgetCheckinDetailsWithMandatoryFields" time="2.18" classname="org.wso2.carbon.connector.integration.test.foursquare.FoursquareConnectorIntegrationTest"/>
  <testcase name="testgetCheckinDetailsWithOptionalFields" time="1.411" classname="org.wso2.carbon.connector.integration.test.foursquare.FoursquareConnectorIntegrationTest"/>
  <testcase name="testgetCheckinRecentMandatoryParameters" time="1.692" classname="org.wso2.carbon.connector.integration.test.foursquare.FoursquareConnectorIntegrationTest"/>
  <testcase name="testgetUserDetailsWithMandatoryFields" time="1.414" classname="org.wso2.carbon.connector.integration.test.foursquare.FoursquareConnectorIntegrationTest"/>
  <testcase name="testgetUserDetailsWithNegativeCase" time="1.215" classname="org.wso2.carbon.connector.integration.test.foursquare.FoursquareConnectorIntegrationTest"/>
  <testcase name="testunFriendsWithMandatoryFields" time="0.659" classname="org.wso2.carbon.connector.integration.test.foursquare.FoursquareConnectorIntegrationTest"/>
  <testcase name="testunFriendsWithNegativeFields" time="1.39" classname="org.wso2.carbon.connector.integration.test.foursquare.FoursquareConnectorIntegrationTest"/>
  <testcase name="testaddCheckinCommentMandatoryParameters" time="1.388" classname="org.wso2.carbon.connector.integration.test.foursquare.FoursquareConnectorIntegrationTest"/>
  <testcase name="testaddCheckinCommentNegativeParameters" time="1.268" classname="org.wso2.carbon.connector.integration.test.foursquare.FoursquareConnectorIntegrationTest"/>
  <testcase name="testaddCheckinsWithNegativeParameters" time="2.059" classname="org.wso2.carbon.connector.integration.test.foursquare.FoursquareConnectorIntegrationTest"/>
  <testcase name="testdeleteCheckinCommentMandatoryParameters" time="2.849" classname="org.wso2.carbon.connector.integration.test.foursquare.FoursquareConnectorIntegrationTest"/>
  <testcase name="testdeleteCheckinCommentNegativeParameters" time="2.831" classname="org.wso2.carbon.connector.integration.test.foursquare.FoursquareConnectorIntegrationTest"/>
  <testcase name="testgetBadgeDetailsWithMandatoryFields" time="3.611" classname="org.wso2.carbon.connector.integration.test.foursquare.FoursquareConnectorIntegrationTest"/>
  <testcase name="testgetBadgeDetailsWithNegativeCase" time="1.355" classname="org.wso2.carbon.connector.integration.test.foursquare.FoursquareConnectorIntegrationTest"/>
  <testcase name="testgetCheckinRecentNegativeParameters" time="1.429" classname="org.wso2.carbon.connector.integration.test.foursquare.FoursquareConnectorIntegrationTest"/>
  <testcase name="testgetCheckinRecentOptionalParameters" time="3.985" classname="org.wso2.carbon.connector.integration.test.foursquare.FoursquareConnectorIntegrationTest"/>
  <testcase name="testgetFriendDetailsWithMandatoryFields" time="1.386" classname="org.wso2.carbon.connector.integration.test.foursquare.FoursquareConnectorIntegrationTest"/>
  <testcase name="testgetFriendDetailsWithNegativeCase" time="1.245" classname="org.wso2.carbon.connector.integration.test.foursquare.FoursquareConnectorIntegrationTest"/>
  <testcase name="testgetFriendDetailsWithOptionalFields" time="1.987" classname="org.wso2.carbon.connector.integration.test.foursquare.FoursquareConnectorIntegrationTest"/>
  <testcase name="testgetMayorshipDetailsWithMandatoryFields" time="1.29" classname="org.wso2.carbon.connector.integration.test.foursquare.FoursquareConnectorIntegrationTest"/>
  <testcase name="testgetMayorshipDetailsWithNegativeCase" time="1.289" classname="org.wso2.carbon.connector.integration.test.foursquare.FoursquareConnectorIntegrationTest"/>
  <testcase name="testgetTipsDetailsWithMandatoryFields" time="1.964" classname="org.wso2.carbon.connector.integration.test.foursquare.FoursquareConnectorIntegrationTest"/>
  <testcase name="testgetTipsDetailsWithNegativeCase" time="2.074" classname="org.wso2.carbon.connector.integration.test.foursquare.FoursquareConnectorIntegrationTest">
    <failure type="java.lang.AssertionError" message="expected:&amp;lt;400&amp;gt; but was:&amp;lt;200&amp;gt;">
      <![CDATA[java.lang.AssertionError: expected:<400> but was:<200>
	at org.testng.Assert.fail(Assert.java:89)
	at org.testng.Assert.failNotEquals(Assert.java:489)
	at org.testng.Assert.assertEquals(Assert.java:118)
	at org.testng.Assert.assertEquals(Assert.java:365)
	at org.testng.Assert.assertEquals(Assert.java:375)
	at org.wso2.carbon.connector.integration.test.foursquare.FoursquareConnectorIntegrationTest.testgetTipsDetailsWithNegativeCase(FoursquareConnectorIntegrationTest.java:640)
	at sun.reflect.NativeMethodAccessorImpl.invoke0(Native Method)
	at sun.reflect.NativeMethodAccessorImpl.invoke(NativeMethodAccessorImpl.java:57)
	at sun.reflect.DelegatingMethodAccessorImpl.invoke(DelegatingMethodAccessorImpl.java:43)
	at java.lang.reflect.Method.invoke(Method.java:606)
	at org.testng.internal.MethodInvocationHelper.invokeMethod(MethodInvocationHelper.java:80)
	at org.testng.internal.Invoker.invokeMethod(Invoker.java:673)
	at org.testng.internal.Invoker.invokeTestMethod(Invoker.java:842)
	at org.testng.internal.Invoker.invokeTestMethods(Invoker.java:1166)
	at org.testng.internal.TestMethodWorker.invokeTestMethods(TestMethodWorker.java:125)
	at org.testng.internal.TestMethodWorker.run(TestMethodWorker.java:109)
	at org.testng.TestRunner.runWorkers(TestRunner.java:1178)
	at org.testng.TestRunner.privateRun(TestRunner.java:757)
	at org.testng.TestRunner.run(TestRunner.java:608)
	at org.testng.SuiteRunner.runTest(SuiteRunner.java:334)
	at org.testng.SuiteRunner.runSequentially(SuiteRunner.java:329)
	at org.testng.SuiteRunner.privateRun(SuiteRunner.java:291)
	at org.testng.SuiteRunner.run(SuiteRunner.java:240)
	at org.testng.SuiteRunnerWorker.runSuite(SuiteRunnerWorker.java:52)
	at org.testng.SuiteRunnerWorker.run(SuiteRunnerWorker.java:86)
	at org.testng.TestNG.runSuitesSequentially(TestNG.java:1158)
	at org.testng.TestNG.runSuitesLocally(TestNG.java:1083)
	at org.testng.TestNG.run(TestNG.java:999)
	at org.apache.maven.surefire.testng.TestNGExecutor.run(TestNGExecutor.java:178)
	at org.apache.maven.surefire.testng.TestNGXmlTestSuite.execute(TestNGXmlTestSuite.java:92)
	at org.apache.maven.surefire.testng.TestNGProvider.invoke(TestNGProvider.java:96)
	at sun.reflect.NativeMethodAccessorImpl.invoke0(Native Method)
	at sun.reflect.NativeMethodAccessorImpl.invoke(NativeMethodAccessorImpl.java:57)
	at sun.reflect.DelegatingMethodAccessorImpl.invoke(DelegatingMethodAccessorImpl.java:43)
	at java.lang.reflect.Method.invoke(Method.java:606)
	at org.apache.maven.surefire.util.ReflectionUtils.invokeMethodWithArray(ReflectionUtils.java:189)
	at org.apache.maven.surefire.booter.ProviderFactory$ProviderProxy.invoke(ProviderFactory.java:165)
	at org.apache.maven.surefire.booter.ProviderFactory.invokeProvider(ProviderFactory.java:85)
	at org.apache.maven.surefire.booter.ForkedBooter.runSuitesInProcess(ForkedBooter.java:115)
	at org.apache.maven.surefire.booter.ForkedBooter.main(ForkedBooter.java:75)
]]>
    </failure>
  </testcase>
  <testcase name="testgetTipsDetailsWithOptionlaFields" time="2.348" classname="org.wso2.carbon.connector.integration.test.foursquare.FoursquareConnectorIntegrationTest"/>
</testsuite>
