<?xml version="1.0" encoding="UTF-8" ?>
<testsuite failures="2" time="41.863" errors="0" skipped="0" tests="28" name="TestSuite">
  <properties>
    <property name="java.runtime.name" value="OpenJDK Runtime Environment"/>
    <property name="sun.boot.library.path" value="/usr/lib/jvm/java-7-openjdk-amd64/jre/lib/amd64"/>
    <property name="java.vm.version" value="24.45-b08"/>
    <property name="java.vm.vendor" value="Oracle Corporation"/>
    <property name="java.vendor.url" value="http://java.oracle.com/"/>
    <property name="path.separator" value=":"/>
    <property name="guice.disable.misplaced.annotation.check" value="true"/>
    <property name="java.vm.name" value="OpenJDK 64-Bit Server VM"/>
    <property name="file.encoding.pkg" value="sun.io"/>
    <property name="user.country" value="US"/>
    <property name="sun.java.launcher" value="SUN_STANDARD"/>
    <property name="sun.os.patch.level" value="unknown"/>
    <property name="java.vm.specification.name" value="Java Virtual Machine Specification"/>
    <property name="user.dir" value="/home/ian/Desktop/project_folder_path/foursquare/foursquare-connector/foursquare-connector-1.0.0"/>
    <property name="java.runtime.version" value="1.7.0_51-b00"/>
    <property name="java.awt.graphicsenv" value="sun.awt.X11GraphicsEnvironment"/>
    <property name="java.endorsed.dirs" value="/usr/lib/jvm/java-7-openjdk-amd64/jre/lib/endorsed"/>
    <property name="os.arch" value="amd64"/>
    <property name="java.io.tmpdir" value="/tmp"/>
    <property name="line.separator" value="
"/>
    <property name="java.vm.specification.vendor" value="Oracle Corporation"/>
    <property name="os.name" value="Linux"/>
    <property name="classworlds.conf" value="/usr/share/maven/bin/m2.conf"/>
    <property name="sun.jnu.encoding" value="UTF-8"/>
    <property name="java.library.path" value="/usr/java/packages/lib/amd64:/usr/lib/x86_64-linux-gnu/jni:/lib/x86_64-linux-gnu:/usr/lib/x86_64-linux-gnu:/usr/lib/jni:/lib:/usr/lib"/>
    <property name="java.specification.name" value="Java Platform API Specification"/>
    <property name="java.class.version" value="51.0"/>
    <property name="sun.management.compiler" value="HotSpot 64-Bit Tiered Compilers"/>
    <property name="os.version" value="3.11.0-12-generic"/>
    <property name="user.home" value="/home/ian"/>
    <property name="user.timezone" value="Asia/Colombo"/>
    <property name="java.awt.printerjob" value="sun.print.PSPrinterJob"/>
    <property name="file.encoding" value="UTF-8"/>
    <property name="java.specification.version" value="1.7"/>
    <property name="user.name" value="ian"/>
    <property name="java.class.path" value="/usr/share/maven/boot/plexus-classworlds-2.x.jar"/>
    <property name="java.vm.specification.version" value="1.7"/>
    <property name="sun.arch.data.model" value="64"/>
    <property name="java.home" value="/usr/lib/jvm/java-7-openjdk-amd64/jre"/>
    <property name="sun.java.command" value="org.codehaus.plexus.classworlds.launcher.Launcher clean install"/>
    <property name="java.specification.vendor" value="Oracle Corporation"/>
    <property name="user.language" value="en"/>
    <property name="awt.toolkit" value="sun.awt.X11.XToolkit"/>
    <property name="java.vm.info" value="mixed mode"/>
    <property name="java.version" value="1.7.0_51"/>
    <property name="java.ext.dirs" value="/usr/lib/jvm/java-7-openjdk-amd64/jre/lib/ext:/usr/java/packages/lib/ext"/>
    <property name="securerandom.source" value="file:/dev/./urandom"/>
    <property name="sun.boot.class.path" value="/usr/lib/jvm/java-7-openjdk-amd64/jre/lib/resources.jar:/usr/lib/jvm/java-7-openjdk-amd64/jre/lib/rt.jar:/usr/lib/jvm/java-7-openjdk-amd64/jre/lib/sunrsasign.jar:/usr/lib/jvm/java-7-openjdk-amd64/jre/lib/jsse.jar:/usr/lib/jvm/java-7-openjdk-amd64/jre/lib/jce.jar:/usr/lib/jvm/java-7-openjdk-amd64/jre/lib/charsets.jar:/usr/lib/jvm/java-7-openjdk-amd64/jre/lib/netx.jar:/usr/lib/jvm/java-7-openjdk-amd64/jre/lib/plugin.jar:/usr/lib/jvm/java-7-openjdk-amd64/jre/lib/rhino.jar:/usr/lib/jvm/java-7-openjdk-amd64/jre/lib/jfr.jar:/usr/lib/jvm/java-7-openjdk-amd64/jre/classes"/>
    <property name="java.vendor" value="Oracle Corporation"/>
    <property name="maven.home" value="/usr/share/maven"/>
    <property name="file.separator" value="/"/>
    <property name="java.vendor.url.bug" value="http://bugreport.sun.com/bugreport/"/>
    <property name="sun.cpu.endian" value="little"/>
    <property name="sun.io.unicode.encoding" value="UnicodeLittle"/>
    <property name="sun.desktop" value="gnome"/>
    <property name="sun.cpu.isalist" value=""/>
  </properties>
  <testcase time="3.619" classname="org.wso2.carbon.connector.integration.test.foursquare.FoursquareConnectorIntegrationTest" name="testaddCheckinsWithMandatoryParameters"/>
  <testcase time="0.594" classname="org.wso2.carbon.connector.integration.test.foursquare.FoursquareConnectorIntegrationTest" name="testapproveFriendsWithMandatoryFields">
    <failure message="expected:&lt;200&gt; but was:&lt;400&gt;" type="java.lang.AssertionError">java.lang.AssertionError: expected:&lt;200&gt; but was:&lt;400&gt;
	at org.testng.Assert.fail(Assert.java:89)
	at org.testng.Assert.failNotEquals(Assert.java:489)
	at org.testng.Assert.assertEquals(Assert.java:118)
	at org.testng.Assert.assertEquals(Assert.java:365)
	at org.testng.Assert.assertEquals(Assert.java:375)
	at org.wso2.carbon.connector.integration.test.foursquare.FoursquareConnectorIntegrationTest.testapproveFriendsWithMandatoryFields(FoursquareConnectorIntegrationTest.java:667)
</failure>
    <system-out>[2014-07-05 05:02:29,318]  INFO {org.wso2.carbon.automation.core.PlatformTestManager} -  On test success..
[2014-07-05 05:02:29,319]  INFO {org.wso2.carbon.automation.core.PlatformTestManager} -  Running the test method --- org.wso2.carbon.connector.integration.test.foursquare.FoursquareConnectorIntegrationTest.testapproveFriendsWithMandatoryFields ----
</system-out>
  </testcase>
  <testcase time="1.175" classname="org.wso2.carbon.connector.integration.test.foursquare.FoursquareConnectorIntegrationTest" name="testapproveFriendsWithNegativeCase"/>
  <testcase time="1.146" classname="org.wso2.carbon.connector.integration.test.foursquare.FoursquareConnectorIntegrationTest" name="testgetCheckinDetailsNegativeCase"/>
  <testcase time="1.807" classname="org.wso2.carbon.connector.integration.test.foursquare.FoursquareConnectorIntegrationTest" name="testgetCheckinDetailsWithMandatoryFields"/>
  <testcase time="1.23" classname="org.wso2.carbon.connector.integration.test.foursquare.FoursquareConnectorIntegrationTest" name="testgetCheckinDetailsWithOptionalFields"/>
  <testcase time="1.808" classname="org.wso2.carbon.connector.integration.test.foursquare.FoursquareConnectorIntegrationTest" name="testgetCheckinRecentMandatoryParameters"/>
  <testcase time="1.194" classname="org.wso2.carbon.connector.integration.test.foursquare.FoursquareConnectorIntegrationTest" name="testgetUserDetailsWithMandatoryFields"/>
  <testcase time="1.105" classname="org.wso2.carbon.connector.integration.test.foursquare.FoursquareConnectorIntegrationTest" name="testgetUserDetailsWithNegativeCase"/>
  <testcase time="0.579" classname="org.wso2.carbon.connector.integration.test.foursquare.FoursquareConnectorIntegrationTest" name="testunFriendsWithMandatoryFields"/>
  <testcase time="1.159" classname="org.wso2.carbon.connector.integration.test.foursquare.FoursquareConnectorIntegrationTest" name="testunFriendsWithNegativeFields"/>
  <testcase time="1.159" classname="org.wso2.carbon.connector.integration.test.foursquare.FoursquareConnectorIntegrationTest" name="testaddCheckinCommentMandatoryParameters"/>
  <testcase time="1.069" classname="org.wso2.carbon.connector.integration.test.foursquare.FoursquareConnectorIntegrationTest" name="testaddCheckinCommentNegativeParameters"/>
  <testcase time="1.711" classname="org.wso2.carbon.connector.integration.test.foursquare.FoursquareConnectorIntegrationTest" name="testaddCheckinsWithNegativeParameters"/>
  <testcase time="2.288" classname="org.wso2.carbon.connector.integration.test.foursquare.FoursquareConnectorIntegrationTest" name="testdeleteCheckinCommentMandatoryParameters"/>
  <testcase time="2.261" classname="org.wso2.carbon.connector.integration.test.foursquare.FoursquareConnectorIntegrationTest" name="testdeleteCheckinCommentNegativeParameters"/>
  <testcase time="2.986" classname="org.wso2.carbon.connector.integration.test.foursquare.FoursquareConnectorIntegrationTest" name="testgetBadgeDetailsWithMandatoryFields"/>
  <testcase time="1.1" classname="org.wso2.carbon.connector.integration.test.foursquare.FoursquareConnectorIntegrationTest" name="testgetBadgeDetailsWithNegativeCase"/>
  <testcase time="1.108" classname="org.wso2.carbon.connector.integration.test.foursquare.FoursquareConnectorIntegrationTest" name="testgetCheckinRecentNegativeParameters"/>
  <testcase time="2.983" classname="org.wso2.carbon.connector.integration.test.foursquare.FoursquareConnectorIntegrationTest" name="testgetCheckinRecentOptionalParameters"/>
  <testcase time="1.157" classname="org.wso2.carbon.connector.integration.test.foursquare.FoursquareConnectorIntegrationTest" name="testgetFriendDetailsWithMandatoryFields"/>
  <testcase time="1.156" classname="org.wso2.carbon.connector.integration.test.foursquare.FoursquareConnectorIntegrationTest" name="testgetFriendDetailsWithNegativeCase"/>
  <testcase time="1.105" classname="org.wso2.carbon.connector.integration.test.foursquare.FoursquareConnectorIntegrationTest" name="testgetFriendDetailsWithOptionalFields"/>
  <testcase time="1.098" classname="org.wso2.carbon.connector.integration.test.foursquare.FoursquareConnectorIntegrationTest" name="testgetMayorshipDetailsWithMandatoryFields"/>
  <testcase time="1.141" classname="org.wso2.carbon.connector.integration.test.foursquare.FoursquareConnectorIntegrationTest" name="testgetMayorshipDetailsWithNegativeCase"/>
  <testcase time="1.252" classname="org.wso2.carbon.connector.integration.test.foursquare.FoursquareConnectorIntegrationTest" name="testgetTipsDetailsWithMandatoryFields"/>
  <testcase time="1.145" classname="org.wso2.carbon.connector.integration.test.foursquare.FoursquareConnectorIntegrationTest" name="testgetTipsDetailsWithNegativeCase">
    <failure message="expected:&lt;400&gt; but was:&lt;200&gt;" type="java.lang.AssertionError">java.lang.AssertionError: expected:&lt;400&gt; but was:&lt;200&gt;
	at org.testng.Assert.fail(Assert.java:89)
	at org.testng.Assert.failNotEquals(Assert.java:489)
	at org.testng.Assert.assertEquals(Assert.java:118)
	at org.testng.Assert.assertEquals(Assert.java:365)
	at org.testng.Assert.assertEquals(Assert.java:375)
	at org.wso2.carbon.connector.integration.test.foursquare.FoursquareConnectorIntegrationTest.testgetTipsDetailsWithNegativeCase(FoursquareConnectorIntegrationTest.java:640)
</failure>
    <system-out>[2014-07-05 05:03:04,724]  INFO {org.wso2.carbon.automation.core.PlatformTestManager} -  On test success..
[2014-07-05 05:03:04,725]  INFO {org.wso2.carbon.automation.core.PlatformTestManager} -  Running the test method --- org.wso2.carbon.connector.integration.test.foursquare.FoursquareConnectorIntegrationTest.testgetTipsDetailsWithNegativeCase ----
</system-out>
  </testcase>
  <testcase time="1.728" classname="org.wso2.carbon.connector.integration.test.foursquare.FoursquareConnectorIntegrationTest" name="testgetTipsDetailsWithOptionlaFields"/>
</testsuite>