-------------------------------------------------------------------------------
Test set: TestSuite
-------------------------------------------------------------------------------
Tests run: 28, Failures: 2, Errors: 0, Skipped: 0, Time elapsed: 108.483 sec <<< FAILURE!
testapproveFriendsWithMandatoryFields(org.wso2.carbon.connector.integration.test.foursquare.FoursquareConnectorIntegrationTest)  Time elapsed: 0.647 sec  <<< FAILURE!
java.lang.AssertionError: expected:<200> but was:<400>
	at org.testng.Assert.fail(Assert.java:89)
	at org.testng.Assert.failNotEquals(Assert.java:489)
	at org.testng.Assert.assertEquals(Assert.java:118)
	at org.testng.Assert.assertEquals(Assert.java:365)
	at org.testng.Assert.assertEquals(Assert.java:375)
	at org.wso2.carbon.connector.integration.test.foursquare.FoursquareConnectorIntegrationTest.testapproveFriendsWithMandatoryFields(FoursquareConnectorIntegrationTest.java:667)

testgetTipsDetailsWithNegativeCase(org.wso2.carbon.connector.integration.test.foursquare.FoursquareConnectorIntegrationTest)  Time elapsed: 2.075 sec  <<< FAILURE!
java.lang.AssertionError: expected:<400> but was:<200>
	at org.testng.Assert.fail(Assert.java:89)
	at org.testng.Assert.failNotEquals(Assert.java:489)
	at org.testng.Assert.assertEquals(Assert.java:118)
	at org.testng.Assert.assertEquals(Assert.java:365)
	at org.testng.Assert.assertEquals(Assert.java:375)
	at org.wso2.carbon.connector.integration.test.foursquare.FoursquareConnectorIntegrationTest.testgetTipsDetailsWithNegativeCase(FoursquareConnectorIntegrationTest.java:640)

