<?xml version="1.0" encoding="UTF-8"?>
<testng-results skipped="0" failed="2" total="28" passed="26">
  <reporter-output>
  </reporter-output>
  <suite name="ESBTestSuite" duration-ms="104981" started-at="2014-07-06T22:04:24Z" finished-at="2014-07-06T22:06:09Z">
    <groups>
      <group name="java.lang.reflect.Method">
        <method signature="org.wso2.carbon.connector.integration.test.foursquare.FoursquareConnectorIntegrationTest.testaddCheckinCommentMandatoryParameters()" name="testaddCheckinCommentMandatoryParameters" class="org.wso2.carbon.connector.integration.test.foursquare.FoursquareConnectorIntegrationTest"/>
        <method signature="org.wso2.carbon.connector.integration.test.foursquare.FoursquareConnectorIntegrationTest.testaddCheckinCommentNegativeParameters()" name="testaddCheckinCommentNegativeParameters" class="org.wso2.carbon.connector.integration.test.foursquare.FoursquareConnectorIntegrationTest"/>
        <method signature="org.wso2.carbon.connector.integration.test.foursquare.FoursquareConnectorIntegrationTest.testaddCheckinsWithMandatoryParameters()" name="testaddCheckinsWithMandatoryParameters" class="org.wso2.carbon.connector.integration.test.foursquare.FoursquareConnectorIntegrationTest"/>
        <method signature="org.wso2.carbon.connector.integration.test.foursquare.FoursquareConnectorIntegrationTest.testaddCheckinsWithNegativeParameters()" name="testaddCheckinsWithNegativeParameters" class="org.wso2.carbon.connector.integration.test.foursquare.FoursquareConnectorIntegrationTest"/>
        <method signature="org.wso2.carbon.connector.integration.test.foursquare.FoursquareConnectorIntegrationTest.testapproveFriendsWithMandatoryFields()" name="testapproveFriendsWithMandatoryFields" class="org.wso2.carbon.connector.integration.test.foursquare.FoursquareConnectorIntegrationTest"/>
        <method signature="org.wso2.carbon.connector.integration.test.foursquare.FoursquareConnectorIntegrationTest.testapproveFriendsWithNegativeCase()" name="testapproveFriendsWithNegativeCase" class="org.wso2.carbon.connector.integration.test.foursquare.FoursquareConnectorIntegrationTest"/>
        <method signature="org.wso2.carbon.connector.integration.test.foursquare.FoursquareConnectorIntegrationTest.testdeleteCheckinCommentMandatoryParameters()" name="testdeleteCheckinCommentMandatoryParameters" class="org.wso2.carbon.connector.integration.test.foursquare.FoursquareConnectorIntegrationTest"/>
        <method signature="org.wso2.carbon.connector.integration.test.foursquare.FoursquareConnectorIntegrationTest.testdeleteCheckinCommentNegativeParameters()" name="testdeleteCheckinCommentNegativeParameters" class="org.wso2.carbon.connector.integration.test.foursquare.FoursquareConnectorIntegrationTest"/>
        <method signature="org.wso2.carbon.connector.integration.test.foursquare.FoursquareConnectorIntegrationTest.testgetBadgeDetailsWithMandatoryFields()" name="testgetBadgeDetailsWithMandatoryFields" class="org.wso2.carbon.connector.integration.test.foursquare.FoursquareConnectorIntegrationTest"/>
        <method signature="org.wso2.carbon.connector.integration.test.foursquare.FoursquareConnectorIntegrationTest.testgetBadgeDetailsWithNegativeCase()" name="testgetBadgeDetailsWithNegativeCase" class="org.wso2.carbon.connector.integration.test.foursquare.FoursquareConnectorIntegrationTest"/>
        <method signature="org.wso2.carbon.connector.integration.test.foursquare.FoursquareConnectorIntegrationTest.testgetCheckinDetailsNegativeCase()" name="testgetCheckinDetailsNegativeCase" class="org.wso2.carbon.connector.integration.test.foursquare.FoursquareConnectorIntegrationTest"/>
        <method signature="org.wso2.carbon.connector.integration.test.foursquare.FoursquareConnectorIntegrationTest.testgetCheckinDetailsWithMandatoryFields()" name="testgetCheckinDetailsWithMandatoryFields" class="org.wso2.carbon.connector.integration.test.foursquare.FoursquareConnectorIntegrationTest"/>
        <method signature="org.wso2.carbon.connector.integration.test.foursquare.FoursquareConnectorIntegrationTest.testgetCheckinDetailsWithOptionalFields()" name="testgetCheckinDetailsWithOptionalFields" class="org.wso2.carbon.connector.integration.test.foursquare.FoursquareConnectorIntegrationTest"/>
        <method signature="org.wso2.carbon.connector.integration.test.foursquare.FoursquareConnectorIntegrationTest.testgetCheckinRecentMandatoryParameters()" name="testgetCheckinRecentMandatoryParameters" class="org.wso2.carbon.connector.integration.test.foursquare.FoursquareConnectorIntegrationTest"/>
        <method signature="org.wso2.carbon.connector.integration.test.foursquare.FoursquareConnectorIntegrationTest.testgetCheckinRecentNegativeParameters()" name="testgetCheckinRecentNegativeParameters" class="org.wso2.carbon.connector.integration.test.foursquare.FoursquareConnectorIntegrationTest"/>
        <method signature="org.wso2.carbon.connector.integration.test.foursquare.FoursquareConnectorIntegrationTest.testgetCheckinRecentOptionalParameters()" name="testgetCheckinRecentOptionalParameters" class="org.wso2.carbon.connector.integration.test.foursquare.FoursquareConnectorIntegrationTest"/>
        <method signature="org.wso2.carbon.connector.integration.test.foursquare.FoursquareConnectorIntegrationTest.testgetFriendDetailsWithMandatoryFields()" name="testgetFriendDetailsWithMandatoryFields" class="org.wso2.carbon.connector.integration.test.foursquare.FoursquareConnectorIntegrationTest"/>
        <method signature="org.wso2.carbon.connector.integration.test.foursquare.FoursquareConnectorIntegrationTest.testgetFriendDetailsWithNegativeCase()" name="testgetFriendDetailsWithNegativeCase" class="org.wso2.carbon.connector.integration.test.foursquare.FoursquareConnectorIntegrationTest"/>
        <method signature="org.wso2.carbon.connector.integration.test.foursquare.FoursquareConnectorIntegrationTest.testgetFriendDetailsWithOptionalFields()" name="testgetFriendDetailsWithOptionalFields" class="org.wso2.carbon.connector.integration.test.foursquare.FoursquareConnectorIntegrationTest"/>
        <method signature="org.wso2.carbon.connector.integration.test.foursquare.FoursquareConnectorIntegrationTest.testgetMayorshipDetailsWithMandatoryFields()" name="testgetMayorshipDetailsWithMandatoryFields" class="org.wso2.carbon.connector.integration.test.foursquare.FoursquareConnectorIntegrationTest"/>
        <method signature="org.wso2.carbon.connector.integration.test.foursquare.FoursquareConnectorIntegrationTest.testgetMayorshipDetailsWithNegativeCase()" name="testgetMayorshipDetailsWithNegativeCase" class="org.wso2.carbon.connector.integration.test.foursquare.FoursquareConnectorIntegrationTest"/>
        <method signature="org.wso2.carbon.connector.integration.test.foursquare.FoursquareConnectorIntegrationTest.testgetTipsDetailsWithMandatoryFields()" name="testgetTipsDetailsWithMandatoryFields" class="org.wso2.carbon.connector.integration.test.foursquare.FoursquareConnectorIntegrationTest"/>
        <method signature="org.wso2.carbon.connector.integration.test.foursquare.FoursquareConnectorIntegrationTest.testgetTipsDetailsWithNegativeCase()" name="testgetTipsDetailsWithNegativeCase" class="org.wso2.carbon.connector.integration.test.foursquare.FoursquareConnectorIntegrationTest"/>
        <method signature="org.wso2.carbon.connector.integration.test.foursquare.FoursquareConnectorIntegrationTest.testgetTipsDetailsWithOptionlaFields()" name="testgetTipsDetailsWithOptionlaFields" class="org.wso2.carbon.connector.integration.test.foursquare.FoursquareConnectorIntegrationTest"/>
        <method signature="org.wso2.carbon.connector.integration.test.foursquare.FoursquareConnectorIntegrationTest.testgetUserDetailsWithMandatoryFields()" name="testgetUserDetailsWithMandatoryFields" class="org.wso2.carbon.connector.integration.test.foursquare.FoursquareConnectorIntegrationTest"/>
        <method signature="org.wso2.carbon.connector.integration.test.foursquare.FoursquareConnectorIntegrationTest.testgetUserDetailsWithNegativeCase()" name="testgetUserDetailsWithNegativeCase" class="org.wso2.carbon.connector.integration.test.foursquare.FoursquareConnectorIntegrationTest"/>
        <method signature="org.wso2.carbon.connector.integration.test.foursquare.FoursquareConnectorIntegrationTest.testunFriendsWithMandatoryFields()" name="testunFriendsWithMandatoryFields" class="org.wso2.carbon.connector.integration.test.foursquare.FoursquareConnectorIntegrationTest"/>
        <method signature="org.wso2.carbon.connector.integration.test.foursquare.FoursquareConnectorIntegrationTest.testunFriendsWithNegativeFields()" name="testunFriendsWithNegativeFields" class="org.wso2.carbon.connector.integration.test.foursquare.FoursquareConnectorIntegrationTest"/>
      </group>
    </groups>
    <test name="Foursquare-Connector-Test" duration-ms="104981" started-at="2014-07-06T22:04:24Z" finished-at="2014-07-06T22:06:09Z">
      <class name="org.wso2.carbon.connector.integration.test.foursquare.FoursquareConnectorIntegrationTest">
        <test-method status="PASS" signature="setEnvironment()" name="setEnvironment" is-config="true" duration-ms="53225" started-at="2014-07-06T22:04:24Z" finished-at="2014-07-06T22:05:17Z">
        </test-method>
        <test-method status="PASS" signature="testaddCheckinsWithMandatoryParameters()" name="testaddCheckinsWithMandatoryParameters" duration-ms="3973" started-at="2014-07-06T22:05:17Z" description="foursquare {addCheckin} integration test with mandatory parameters." finished-at="2014-07-06T22:05:21Z">
        </test-method>
        <test-method status="FAIL" signature="testapproveFriendsWithMandatoryFields()" name="testapproveFriendsWithMandatoryFields" duration-ms="645" started-at="2014-07-06T22:05:21Z" description="foursquare {approveFriends} integration test with mandatory fields." finished-at="2014-07-06T22:05:22Z">
          <exception class="java.lang.AssertionError">
            <message>
              <![CDATA[expected:<200> but was:<400>]]>
            </message>
            <full-stacktrace>
              <![CDATA[java.lang.AssertionError: expected:<200> but was:<400>
	at org.testng.Assert.fail(Assert.java:89)
	at org.testng.Assert.failNotEquals(Assert.java:489)
	at org.testng.Assert.assertEquals(Assert.java:118)
	at org.testng.Assert.assertEquals(Assert.java:365)
	at org.testng.Assert.assertEquals(Assert.java:375)
	at org.wso2.carbon.connector.integration.test.foursquare.FoursquareConnectorIntegrationTest.testapproveFriendsWithMandatoryFields(FoursquareConnectorIntegrationTest.java:667)
	at sun.reflect.NativeMethodAccessorImpl.invoke0(Native Method)
	at sun.reflect.NativeMethodAccessorImpl.invoke(NativeMethodAccessorImpl.java:57)
	at sun.reflect.DelegatingMethodAccessorImpl.invoke(DelegatingMethodAccessorImpl.java:43)
	at java.lang.reflect.Method.invoke(Method.java:606)
	at org.testng.internal.MethodInvocationHelper.invokeMethod(MethodInvocationHelper.java:80)
	at org.testng.internal.Invoker.invokeMethod(Invoker.java:673)
	at org.testng.internal.Invoker.invokeTestMethod(Invoker.java:842)
	at org.testng.internal.Invoker.invokeTestMethods(Invoker.java:1166)
	at org.testng.internal.TestMethodWorker.invokeTestMethods(TestMethodWorker.java:125)
	at org.testng.internal.TestMethodWorker.run(TestMethodWorker.java:109)
	at org.testng.TestRunner.runWorkers(TestRunner.java:1178)
	at org.testng.TestRunner.privateRun(TestRunner.java:757)
	at org.testng.TestRunner.run(TestRunner.java:608)
	at org.testng.SuiteRunner.runTest(SuiteRunner.java:334)
	at org.testng.SuiteRunner.runSequentially(SuiteRunner.java:329)
	at org.testng.SuiteRunner.privateRun(SuiteRunner.java:291)
	at org.testng.SuiteRunner.run(SuiteRunner.java:240)
	at org.testng.SuiteRunnerWorker.runSuite(SuiteRunnerWorker.java:52)
	at org.testng.SuiteRunnerWorker.run(SuiteRunnerWorker.java:86)
	at org.testng.TestNG.runSuitesSequentially(TestNG.java:1158)
	at org.testng.TestNG.runSuitesLocally(TestNG.java:1083)
	at org.testng.TestNG.run(TestNG.java:999)
	at org.apache.maven.surefire.testng.TestNGExecutor.run(TestNGExecutor.java:178)
	at org.apache.maven.surefire.testng.TestNGXmlTestSuite.execute(TestNGXmlTestSuite.java:92)
	at org.apache.maven.surefire.testng.TestNGProvider.invoke(TestNGProvider.java:96)
	at sun.reflect.NativeMethodAccessorImpl.invoke0(Native Method)
	at sun.reflect.NativeMethodAccessorImpl.invoke(NativeMethodAccessorImpl.java:57)
	at sun.reflect.DelegatingMethodAccessorImpl.invoke(DelegatingMethodAccessorImpl.java:43)
	at java.lang.reflect.Method.invoke(Method.java:606)
	at org.apache.maven.surefire.util.ReflectionUtils.invokeMethodWithArray(ReflectionUtils.java:189)
	at org.apache.maven.surefire.booter.ProviderFactory$ProviderProxy.invoke(ProviderFactory.java:165)
	at org.apache.maven.surefire.booter.ProviderFactory.invokeProvider(ProviderFactory.java:85)
	at org.apache.maven.surefire.booter.ForkedBooter.runSuitesInProcess(ForkedBooter.java:115)
	at org.apache.maven.surefire.booter.ForkedBooter.main(ForkedBooter.java:75)
]]>
            </full-stacktrace>
          </exception>
        </test-method>
        <test-method status="PASS" signature="testapproveFriendsWithNegativeCase()" name="testapproveFriendsWithNegativeCase" duration-ms="1454" started-at="2014-07-06T22:05:22Z" description="foursquare {approveFriends} integration test with mandatory fields." finished-at="2014-07-06T22:05:23Z">
        </test-method>
        <test-method status="PASS" signature="testgetCheckinDetailsNegativeCase()" name="testgetCheckinDetailsNegativeCase" duration-ms="1258" started-at="2014-07-06T22:05:23Z" description="foursquare {getCheckinDetails} integration test with negative fields." finished-at="2014-07-06T22:05:25Z">
        </test-method>
        <test-method status="PASS" signature="testgetCheckinDetailsWithMandatoryFields()" name="testgetCheckinDetailsWithMandatoryFields" duration-ms="2180" started-at="2014-07-06T22:05:25Z" description="foursquare {getCheckinDetails} integration test with mandatory fields." finished-at="2014-07-06T22:05:27Z">
        </test-method>
        <test-method status="PASS" signature="testgetCheckinDetailsWithOptionalFields()" name="testgetCheckinDetailsWithOptionalFields" duration-ms="1411" started-at="2014-07-06T22:05:27Z" description="foursquare {getCheckinDetails} integration test with optional fields." finished-at="2014-07-06T22:05:28Z">
        </test-method>
        <test-method status="PASS" signature="testgetCheckinRecentMandatoryParameters()" name="testgetCheckinRecentMandatoryParameters" duration-ms="1692" started-at="2014-07-06T22:05:28Z" description="foursquare {getCheckinRecent} integration test with mandatory parameters." finished-at="2014-07-06T22:05:30Z">
        </test-method>
        <test-method status="PASS" signature="testgetUserDetailsWithMandatoryFields()" name="testgetUserDetailsWithMandatoryFields" duration-ms="1414" started-at="2014-07-06T22:05:30Z" description="foursquare {getUserDetails} integration test with mandatory fields." finished-at="2014-07-06T22:05:31Z">
        </test-method>
        <test-method status="PASS" signature="testgetUserDetailsWithNegativeCase()" name="testgetUserDetailsWithNegativeCase" duration-ms="1215" started-at="2014-07-06T22:05:31Z" description="foursquare {getUserDetails} integration test with negative case." finished-at="2014-07-06T22:05:33Z">
        </test-method>
        <test-method status="PASS" signature="testunFriendsWithMandatoryFields()" name="testunFriendsWithMandatoryFields" duration-ms="659" started-at="2014-07-06T22:05:33Z" description="foursquare {unFriends} integration test with mandatory fields." finished-at="2014-07-06T22:05:33Z">
        </test-method>
        <test-method status="PASS" signature="testunFriendsWithNegativeFields()" name="testunFriendsWithNegativeFields" duration-ms="1390" started-at="2014-07-06T22:05:33Z" description="foursquare {unFriends} integration test with mandatory fields." finished-at="2014-07-06T22:05:35Z">
        </test-method>
        <test-method status="PASS" signature="testaddCheckinCommentMandatoryParameters()" name="testaddCheckinCommentMandatoryParameters" duration-ms="1388" started-at="2014-07-06T22:05:35Z" description="foursquare {addCheckinComment} integration test with mandatory parameters." finished-at="2014-07-06T22:05:36Z">
        </test-method>
        <test-method status="PASS" signature="testaddCheckinCommentNegativeParameters()" name="testaddCheckinCommentNegativeParameters" duration-ms="1268" started-at="2014-07-06T22:05:36Z" description="foursquare {addCheckinComment} integration test with negative parameters." finished-at="2014-07-06T22:05:37Z">
        </test-method>
        <test-method status="PASS" signature="testaddCheckinsWithNegativeParameters()" name="testaddCheckinsWithNegativeParameters" duration-ms="2059" started-at="2014-07-06T22:05:37Z" description="foursquare {addCheckin} integration test with mandatory parameters." finished-at="2014-07-06T22:05:39Z">
        </test-method>
        <test-method status="PASS" signature="testdeleteCheckinCommentMandatoryParameters()" name="testdeleteCheckinCommentMandatoryParameters" duration-ms="2849" started-at="2014-07-06T22:05:39Z" description="foursquare {deleteCheckinComment} integration test with mandatory parameters." finished-at="2014-07-06T22:05:42Z">
        </test-method>
        <test-method status="PASS" signature="testdeleteCheckinCommentNegativeParameters()" name="testdeleteCheckinCommentNegativeParameters" duration-ms="2831" started-at="2014-07-06T22:05:42Z" description="foursquare {deleteCheckinComment} integration test with negative parameters." finished-at="2014-07-06T22:05:45Z">
        </test-method>
        <test-method status="PASS" signature="testgetBadgeDetailsWithMandatoryFields()" name="testgetBadgeDetailsWithMandatoryFields" duration-ms="3611" started-at="2014-07-06T22:05:45Z" description="foursquare {getBadgeDetails} integration test with mandatory fields." finished-at="2014-07-06T22:05:49Z">
        </test-method>
        <test-method status="PASS" signature="testgetBadgeDetailsWithNegativeCase()" name="testgetBadgeDetailsWithNegativeCase" duration-ms="1355" started-at="2014-07-06T22:05:49Z" description="foursquare {getBadgeDetails} integration test with negative case." finished-at="2014-07-06T22:05:50Z">
        </test-method>
        <test-method status="PASS" signature="testgetCheckinRecentNegativeParameters()" name="testgetCheckinRecentNegativeParameters" duration-ms="1429" started-at="2014-07-06T22:05:50Z" description="foursquare {getCheckinRecent} integration test with mandatory parameters." finished-at="2014-07-06T22:05:51Z">
        </test-method>
        <test-method status="PASS" signature="testgetCheckinRecentOptionalParameters()" name="testgetCheckinRecentOptionalParameters" duration-ms="3985" started-at="2014-07-06T22:05:51Z" description="foursquare {getCheckinRecent} integration test with optional parameters." finished-at="2014-07-06T22:05:55Z">
        </test-method>
        <test-method status="PASS" signature="testgetFriendDetailsWithMandatoryFields()" name="testgetFriendDetailsWithMandatoryFields" duration-ms="1386" started-at="2014-07-06T22:05:55Z" description="foursquare {getFriendDetails} integration test with mandatory fields." finished-at="2014-07-06T22:05:57Z">
        </test-method>
        <test-method status="PASS" signature="testgetFriendDetailsWithNegativeCase()" name="testgetFriendDetailsWithNegativeCase" duration-ms="1245" started-at="2014-07-06T22:05:57Z" description="foursquare {getFriendDetails} integration test with negative case." finished-at="2014-07-06T22:05:58Z">
        </test-method>
        <test-method status="PASS" signature="testgetFriendDetailsWithOptionalFields()" name="testgetFriendDetailsWithOptionalFields" duration-ms="1987" started-at="2014-07-06T22:05:58Z" description="foursquare {getFriendDetails} integration test with optional fields." finished-at="2014-07-06T22:06:00Z">
        </test-method>
        <test-method status="PASS" signature="testgetMayorshipDetailsWithMandatoryFields()" name="testgetMayorshipDetailsWithMandatoryFields" duration-ms="1290" started-at="2014-07-06T22:06:00Z" description="foursquare {getMayorshipDetails} integration test with mandatory fields." finished-at="2014-07-06T22:06:01Z">
        </test-method>
        <test-method status="PASS" signature="testgetMayorshipDetailsWithNegativeCase()" name="testgetMayorshipDetailsWithNegativeCase" duration-ms="1289" started-at="2014-07-06T22:06:01Z" description="foursquare {getMayorshipDetails} integration test with negative fields." finished-at="2014-07-06T22:06:03Z">
        </test-method>
        <test-method status="PASS" signature="testgetTipsDetailsWithMandatoryFields()" name="testgetTipsDetailsWithMandatoryFields" duration-ms="1964" started-at="2014-07-06T22:06:03Z" description="foursquare {getTipsDetails} integration test with mandatory fields." finished-at="2014-07-06T22:06:05Z">
        </test-method>
        <test-method status="FAIL" signature="testgetTipsDetailsWithNegativeCase()" name="testgetTipsDetailsWithNegativeCase" duration-ms="2074" started-at="2014-07-06T22:06:05Z" description="foursquare {getTipsDetails} integration test with Negative case" finished-at="2014-07-06T22:06:07Z">
          <exception class="java.lang.AssertionError">
            <message>
              <![CDATA[expected:<400> but was:<200>]]>
            </message>
            <full-stacktrace>
              <![CDATA[java.lang.AssertionError: expected:<400> but was:<200>
	at org.testng.Assert.fail(Assert.java:89)
	at org.testng.Assert.failNotEquals(Assert.java:489)
	at org.testng.Assert.assertEquals(Assert.java:118)
	at org.testng.Assert.assertEquals(Assert.java:365)
	at org.testng.Assert.assertEquals(Assert.java:375)
	at org.wso2.carbon.connector.integration.test.foursquare.FoursquareConnectorIntegrationTest.testgetTipsDetailsWithNegativeCase(FoursquareConnectorIntegrationTest.java:640)
	at sun.reflect.NativeMethodAccessorImpl.invoke0(Native Method)
	at sun.reflect.NativeMethodAccessorImpl.invoke(NativeMethodAccessorImpl.java:57)
	at sun.reflect.DelegatingMethodAccessorImpl.invoke(DelegatingMethodAccessorImpl.java:43)
	at java.lang.reflect.Method.invoke(Method.java:606)
	at org.testng.internal.MethodInvocationHelper.invokeMethod(MethodInvocationHelper.java:80)
	at org.testng.internal.Invoker.invokeMethod(Invoker.java:673)
	at org.testng.internal.Invoker.invokeTestMethod(Invoker.java:842)
	at org.testng.internal.Invoker.invokeTestMethods(Invoker.java:1166)
	at org.testng.internal.TestMethodWorker.invokeTestMethods(TestMethodWorker.java:125)
	at org.testng.internal.TestMethodWorker.run(TestMethodWorker.java:109)
	at org.testng.TestRunner.runWorkers(TestRunner.java:1178)
	at org.testng.TestRunner.privateRun(TestRunner.java:757)
	at org.testng.TestRunner.run(TestRunner.java:608)
	at org.testng.SuiteRunner.runTest(SuiteRunner.java:334)
	at org.testng.SuiteRunner.runSequentially(SuiteRunner.java:329)
	at org.testng.SuiteRunner.privateRun(SuiteRunner.java:291)
	at org.testng.SuiteRunner.run(SuiteRunner.java:240)
	at org.testng.SuiteRunnerWorker.runSuite(SuiteRunnerWorker.java:52)
	at org.testng.SuiteRunnerWorker.run(SuiteRunnerWorker.java:86)
	at org.testng.TestNG.runSuitesSequentially(TestNG.java:1158)
	at org.testng.TestNG.runSuitesLocally(TestNG.java:1083)
	at org.testng.TestNG.run(TestNG.java:999)
	at org.apache.maven.surefire.testng.TestNGExecutor.run(TestNGExecutor.java:178)
	at org.apache.maven.surefire.testng.TestNGXmlTestSuite.execute(TestNGXmlTestSuite.java:92)
	at org.apache.maven.surefire.testng.TestNGProvider.invoke(TestNGProvider.java:96)
	at sun.reflect.NativeMethodAccessorImpl.invoke0(Native Method)
	at sun.reflect.NativeMethodAccessorImpl.invoke(NativeMethodAccessorImpl.java:57)
	at sun.reflect.DelegatingMethodAccessorImpl.invoke(DelegatingMethodAccessorImpl.java:43)
	at java.lang.reflect.Method.invoke(Method.java:606)
	at org.apache.maven.surefire.util.ReflectionUtils.invokeMethodWithArray(ReflectionUtils.java:189)
	at org.apache.maven.surefire.booter.ProviderFactory$ProviderProxy.invoke(ProviderFactory.java:165)
	at org.apache.maven.surefire.booter.ProviderFactory.invokeProvider(ProviderFactory.java:85)
	at org.apache.maven.surefire.booter.ForkedBooter.runSuitesInProcess(ForkedBooter.java:115)
	at org.apache.maven.surefire.booter.ForkedBooter.main(ForkedBooter.java:75)
]]>
            </full-stacktrace>
          </exception>
        </test-method>
        <test-method status="PASS" signature="testgetTipsDetailsWithOptionlaFields()" name="testgetTipsDetailsWithOptionlaFields" duration-ms="2348" started-at="2014-07-06T22:06:07Z" description="foursquare {getTipsDetails} integration test with optional fields." finished-at="2014-07-06T22:06:09Z">
        </test-method>
        <test-method status="PASS" signature="cleanUpEsb()" name="cleanUpEsb" is-config="true" duration-ms="45" started-at="2014-07-06T22:06:09Z" finished-at="2014-07-06T22:06:09Z">
        </test-method>
      </class>
    </test>
  </suite>
</testng-results>
